#
# There is insufficient memory for the Java Runtime Environment to continue.
# Native memory allocation (malloc) failed to allocate 80320 bytes for Chunk::new
# Possible reasons:
#   The system is out of physical RAM or swap space
#   The process is running with CompressedOops enabled, and the Java Heap may be blocking the growth of the native heap
# Possible solutions:
#   Reduce memory load on the system
#   Increase physical memory or swap space
#   Check if swap backing store is full
#   Decrease Java heap size (-Xmx/-Xms)
#   Decrease number of Java threads
#   Decrease Java thread stack sizes (-Xss)
#   Set larger code cache with -XX:ReservedCodeCacheSize=
#   JVM is running with Unscaled Compressed Oops mode in which the Java heap is
#     placed in the first 4GB address space. The Java Heap base address is the
#     maximum limit for the native heap growth. Please use -XX:HeapBaseMinAddress
#     to set the Java Heap base and to place the Java Heap above 4GB virtual address.
# This output file may be truncated or incomplete.
#
#  Out of Memory Error (./src/hotspot/share/memory/arena.cpp:197), pid=19036, tid=7924
#
# JRE version: OpenJDK Runtime Environment (11.0.11+9) (build 11.0.11+9-b60-7590822)
# Java VM: OpenJDK 64-Bit Server VM (11.0.11+9-b60-7590822, mixed mode, tiered, compressed oops, g1 gc, windows-amd64)
# No core dump will be written. Minidumps are not enabled by default on client versions of Windows
#

---------------  S U M M A R Y ------------

Command Line: --add-opens=java.base/java.util=ALL-UNNAMED --add-opens=java.base/java.lang=ALL-UNNAMED --add-opens=java.base/java.lang.invoke=ALL-UNNAMED --add-opens=java.base/java.util=ALL-UNNAMED --add-opens=java.prefs/java.util.prefs=ALL-UNNAMED --add-opens=java.prefs/java.util.prefs=ALL-UNNAMED --add-opens=java.base/java.nio.charset=ALL-UNNAMED --add-opens=java.base/java.net=ALL-UNNAMED --add-opens=java.base/java.util.concurrent.atomic=ALL-UNNAMED -Xmx2048m -Dfile.encoding=UTF-8 -Duser.country=FR -Duser.language=fr -Duser.variant org.gradle.launcher.daemon.bootstrap.GradleDaemon 7.2

Host: Intel(R) Core(TM) i7-6500U CPU @ 2.50GHz, 4 cores, 15G,  Windows 10 , 64 bit Build 19041 (10.0.19041.1566)
Time: Mon Mar 28 21:17:37 2022 Maroc elapsed time: 16.453649 seconds (0d 0h 0m 16s)

---------------  T H R E A D  ---------------

Current thread (0x000002097c837800):  JavaThread "C2 CompilerThread0" daemon [_thread_in_native, id=7924, stack(0x0000004591000000,0x0000004591100000)]


Current CompileTask:
C2:  16453 3329   !   4       jdk.internal.loader.URLClassPath$JarLoader::getResource (353 bytes)

Stack: [0x0000004591000000,0x0000004591100000]
Native frames: (J=compiled Java code, j=interpreted, Vv=VM code, C=native code)
V  [jvm.dll+0x5f214a]
V  [jvm.dll+0x726fb5]
V  [jvm.dll+0x7285cd]
V  [jvm.dll+0x728c83]
V  [jvm.dll+0x243278]
V  [jvm.dll+0xbc53c]
V  [jvm.dll+0xbca3c]
V  [jvm.dll+0xbc638]
V  [jvm.dll+0x64dc1c]
V  [jvm.dll+0x50f744]
V  [jvm.dll+0x511edb]
V  [jvm.dll+0x4feb6f]
V  [jvm.dll+0x4ff3ad]
V  [jvm.dll+0x5011ee]
V  [jvm.dll+0x500fbb]
V  [jvm.dll+0x500f36]
V  [jvm.dll+0x500f36]
V  [jvm.dll+0x508a58]
V  [jvm.dll+0x1fd92d]
V  [jvm.dll+0x1fb35f]
V  [jvm.dll+0x183d6c]
V  [jvm.dll+0x209a57]
V  [jvm.dll+0x2082a1]
V  [jvm.dll+0x6ef58f]
V  [jvm.dll+0x6e80b5]
V  [jvm.dll+0x5f1036]
C  [ucrtbase.dll+0x21bb2]
C  [KERNEL32.DLL+0x17034]
C  [ntdll.dll+0x52651]


---------------  P R O C E S S  ---------------

Threads class SMR info:
_java_thread_list=0x000002090f286b20, length=33, elements={
0x000002096f410000, 0x000002097c7d2800, 0x000002097c7db800, 0x000002097c82e800,
0x000002097c830000, 0x000002097c832000, 0x000002097c837800, 0x000002097c838800,
0x000002097c8a1800, 0x000002097c9b7800, 0x000002097f268000, 0x000002097f265800,
0x000002097e42f000, 0x000002097f695800, 0x000002090f302800, 0x000002097e37f800,
0x000002097f6af000, 0x000002090f0ae800, 0x000002097e321000, 0x000002097dda3000,
0x000002097dda0800, 0x000002097dda1800, 0x000002097dda2800, 0x000002090f58c800,
0x000002090f593000, 0x000002090f590000, 0x000002090f590800, 0x000002090f58f000,
0x000002090f58d800, 0x000002090f591800, 0x000002097f226800, 0x000002090f592800,
0x000002090f58e800
}

Java Threads: ( => current thread )
  0x000002096f410000 JavaThread "main" [_thread_blocked, id=14200, stack(0x0000004590400000,0x0000004590500000)]
  0x000002097c7d2800 JavaThread "Reference Handler" daemon [_thread_blocked, id=17612, stack(0x0000004590b00000,0x0000004590c00000)]
  0x000002097c7db800 JavaThread "Finalizer" daemon [_thread_blocked, id=18732, stack(0x0000004590c00000,0x0000004590d00000)]
  0x000002097c82e800 JavaThread "Signal Dispatcher" daemon [_thread_blocked, id=7200, stack(0x0000004590d00000,0x0000004590e00000)]
  0x000002097c830000 JavaThread "Attach Listener" daemon [_thread_blocked, id=12640, stack(0x0000004590e00000,0x0000004590f00000)]
  0x000002097c832000 JavaThread "Service Thread" daemon [_thread_blocked, id=19448, stack(0x0000004590f00000,0x0000004591000000)]
=>0x000002097c837800 JavaThread "C2 CompilerThread0" daemon [_thread_in_native, id=7924, stack(0x0000004591000000,0x0000004591100000)]
  0x000002097c838800 JavaThread "C1 CompilerThread0" daemon [_thread_blocked, id=7196, stack(0x0000004591100000,0x0000004591200000)]
  0x000002097c8a1800 JavaThread "Sweeper thread" daemon [_thread_blocked, id=21836, stack(0x0000004591200000,0x0000004591300000)]
  0x000002097c9b7800 JavaThread "Common-Cleaner" daemon [_thread_blocked, id=22560, stack(0x0000004591300000,0x0000004591400000)]
  0x000002097f268000 JavaThread "Daemon health stats" [_thread_blocked, id=20004, stack(0x0000004591900000,0x0000004591a00000)]
  0x000002097f265800 JavaThread "Incoming local TCP Connector on port 63285" [_thread_in_native, id=14948, stack(0x0000004591800000,0x0000004591900000)]
  0x000002097e42f000 JavaThread "Daemon periodic checks" [_thread_blocked, id=14284, stack(0x0000004591a00000,0x0000004591b00000)]
  0x000002097f695800 JavaThread "Daemon" [_thread_blocked, id=14772, stack(0x0000004591b00000,0x0000004591c00000)]
  0x000002090f302800 JavaThread "Handler for socket connection from /127.0.0.1:63285 to /127.0.0.1:63286" [_thread_in_native, id=19996, stack(0x0000004591c00000,0x0000004591d00000)]
  0x000002097e37f800 JavaThread "Cancel handler" [_thread_blocked, id=15644, stack(0x0000004591d00000,0x0000004591e00000)]
  0x000002097f6af000 JavaThread "Daemon worker" [_thread_in_Java, id=20772, stack(0x0000004591e00000,0x0000004591f00000)]
  0x000002090f0ae800 JavaThread "Asynchronous log dispatcher for DefaultDaemonConnection: socket connection from /127.0.0.1:63285 to /127.0.0.1:63286" [_thread_blocked, id=9352, stack(0x0000004591f00000,0x0000004592000000)]
  0x000002097e321000 JavaThread "Stdin handler" [_thread_blocked, id=11504, stack(0x0000004592000000,0x0000004592100000)]
  0x000002097dda3000 JavaThread "Daemon client event forwarder" [_thread_blocked, id=5836, stack(0x0000004592100000,0x0000004592200000)]
  0x000002097dda0800 JavaThread "Cache worker for journal cache (C:\Users\Yoga\.gradle\caches\journal-1)" [_thread_blocked, id=6644, stack(0x0000004592200000,0x0000004592300000)]
  0x000002097dda1800 JavaThread "File lock request listener" [_thread_in_native, id=22960, stack(0x0000004592300000,0x0000004592400000)]
  0x000002097dda2800 JavaThread "Cache worker for file hash cache (C:\Users\Yoga\.gradle\caches\7.2\fileHashes)" [_thread_blocked, id=14268, stack(0x0000004592400000,0x0000004592500000)]
  0x000002090f58c800 JavaThread "Cache worker for file hash cache (C:\Users\Yoga\AndroidStudioProjects\FirstTest\.gradle\7.2\fileHashes)" [_thread_blocked, id=21872, stack(0x0000004592500000,0x0000004592600000)]
  0x000002090f593000 JavaThread "File watcher server" daemon [_thread_in_native, id=15436, stack(0x0000004592600000,0x0000004592700000)]
  0x000002090f590000 JavaThread "File watcher consumer" daemon [_thread_blocked, id=22060, stack(0x0000004592700000,0x0000004592800000)]
  0x000002090f590800 JavaThread "Cache worker for checksums cache (C:\Users\Yoga\AndroidStudioProjects\FirstTest\.gradle\checksums)" [_thread_blocked, id=21740, stack(0x0000004592800000,0x0000004592900000)]
  0x000002090f58f000 JavaThread "Cache worker for cache directory md-supplier (C:\Users\Yoga\.gradle\caches\7.2\md-supplier)" [_thread_blocked, id=21324, stack(0x0000004592900000,0x0000004592a00000)]
  0x000002090f58d800 JavaThread "Cache worker for cache directory md-rule (C:\Users\Yoga\.gradle\caches\7.2\md-rule)" [_thread_blocked, id=21628, stack(0x0000004592b00000,0x0000004592c00000)]
  0x000002090f591800 JavaThread "Cache worker for execution history cache (C:\Users\Yoga\.gradle\caches\7.2\executionHistory)" [_thread_blocked, id=1404, stack(0x0000004592a00000,0x0000004592b00000)]
  0x000002097f226800 JavaThread "C2 CompilerThread1" daemon [_thread_blocked, id=19924, stack(0x0000004592c00000,0x0000004592d00000)]
  0x000002090f592800 JavaThread "jar transforms" [_thread_blocked, id=15224, stack(0x0000004592d00000,0x0000004592e00000)]
  0x000002090f58e800 JavaThread "Cache worker for file content cache (C:\Users\Yoga\.gradle\caches\7.2\fileContent)" [_thread_blocked, id=13292, stack(0x0000004592e00000,0x0000004592f00000)]

Other Threads:
  0x000002097bfab000 VMThread "VM Thread" [stack: 0x0000004590a00000,0x0000004590b00000] [id=12736]
  0x000002097c9f4800 WatcherThread [stack: 0x0000004591400000,0x0000004591500000] [id=13316]
  0x000002096f429000 GCTaskThread "GC Thread#0" [stack: 0x0000004590500000,0x0000004590600000] [id=19152]
  0x000002097d29f000 GCTaskThread "GC Thread#1" [stack: 0x0000004591500000,0x0000004591600000] [id=18592]
  0x000002097d2a0000 GCTaskThread "GC Thread#2" [stack: 0x0000004591600000,0x0000004591700000] [id=6740]
  0x000002097d3b1000 GCTaskThread "GC Thread#3" [stack: 0x0000004591700000,0x0000004591800000] [id=16720]
  0x000002096f459000 ConcurrentGCThread "G1 Main Marker" [stack: 0x0000004590600000,0x0000004590700000] [id=2636]
  0x000002096f45a800 ConcurrentGCThread "G1 Conc#0" [stack: 0x0000004590700000,0x0000004590800000] [id=17912]
  0x000002097be1b800 ConcurrentGCThread "G1 Refine#0" [stack: 0x0000004590800000,0x0000004590900000] [id=16908]
  0x000002097be1c800 ConcurrentGCThread "G1 Young RemSet Sampling" [stack: 0x0000004590900000,0x0000004590a00000] [id=4372]

Threads with active compile tasks:
C2 CompilerThread0  16533 3329   !   4       jdk.internal.loader.URLClassPath$JarLoader::getResource (353 bytes)

VM state:not at safepoint (normal execution)

VM Mutex/Monitor currently owned by a thread: None

Heap address: 0x0000000080000000, size: 2048 MB, Compressed Oops mode: 32-bit
Narrow klass base: 0x0000000000000000, Narrow klass shift: 3
Compressed class space size: 1073741824 Address: 0x0000000100000000

Heap:
 garbage-first heap   total 253952K, used 65766K [0x0000000080000000, 0x0000000100000000)
  region size 1024K, 48 young (49152K), 7 survivors (7168K)
 Metaspace       used 38734K, capacity 39597K, committed 39888K, reserved 1083392K
  class space    used 4941K, capacity 5278K, committed 5376K, reserved 1048576K
Heap Regions: E=young(eden), S=young(survivor), O=old, HS=humongous(starts), HC=humongous(continues), CS=collection set, F=free, A=archive, TAMS=top-at-mark-start (previous, next)
|   0|0x0000000080000000, 0x0000000080100000, 0x0000000080100000|100%| O|  |TAMS 0x0000000080100000, 0x0000000080000000| Untracked 
|   1|0x0000000080100000, 0x0000000080200000, 0x0000000080200000|100%| O|  |TAMS 0x0000000080200000, 0x0000000080100000| Untracked 
|   2|0x0000000080200000, 0x0000000080300000, 0x0000000080300000|100%| O|  |TAMS 0x0000000080300000, 0x0000000080200000| Untracked 
|   3|0x0000000080300000, 0x0000000080400000, 0x0000000080400000|100%|HS|  |TAMS 0x0000000080400000, 0x0000000080300000| Complete 
|   4|0x0000000080400000, 0x0000000080500000, 0x0000000080500000|100%|HC|  |TAMS 0x0000000080500000, 0x0000000080400000| Complete 
|   5|0x0000000080500000, 0x0000000080600000, 0x0000000080600000|100%|HC|  |TAMS 0x0000000080600000, 0x0000000080500000| Complete 
|   6|0x0000000080600000, 0x0000000080700000, 0x0000000080700000|100%| O|  |TAMS 0x0000000080700000, 0x0000000080600000| Untracked 
|   7|0x0000000080700000, 0x0000000080800000, 0x0000000080800000|100%| O|  |TAMS 0x0000000080800000, 0x0000000080700000| Untracked 
|   8|0x0000000080800000, 0x0000000080900000, 0x0000000080900000|100%| O|  |TAMS 0x0000000080900000, 0x0000000080800000| Untracked 
|   9|0x0000000080900000, 0x0000000080a00000, 0x0000000080a00000|100%| O|  |TAMS 0x0000000080a00000, 0x0000000080900000| Untracked 
|  10|0x0000000080a00000, 0x0000000080b00000, 0x0000000080b00000|100%| O|  |TAMS 0x0000000080b00000, 0x0000000080a00000| Untracked 
|  11|0x0000000080b00000, 0x0000000080c00000, 0x0000000080c00000|100%| O|  |TAMS 0x0000000080c00000, 0x0000000080b00000| Untracked 
|  12|0x0000000080c00000, 0x0000000080d00000, 0x0000000080d00000|100%| O|  |TAMS 0x0000000080d00000, 0x0000000080c00000| Untracked 
|  13|0x0000000080d00000, 0x0000000080e00000, 0x0000000080e00000|100%| O|  |TAMS 0x0000000080e00000, 0x0000000080d00000| Untracked 
|  14|0x0000000080e00000, 0x0000000080f00000, 0x0000000080f00000|100%| O|  |TAMS 0x0000000080f00000, 0x0000000080e00000| Untracked 
|  15|0x0000000080f00000, 0x0000000080fd2200, 0x0000000081000000| 82%| O|  |TAMS 0x0000000080fd2200, 0x0000000080f00000| Untracked 
|  16|0x0000000081000000, 0x0000000081100000, 0x0000000081100000|100%|HS|  |TAMS 0x0000000081000000, 0x0000000081000000| Complete 
|  17|0x0000000081100000, 0x0000000081200000, 0x0000000081200000|100%|HS|  |TAMS 0x0000000081100000, 0x0000000081100000| Complete 
|  18|0x0000000081200000, 0x0000000081300000, 0x0000000081300000|100%|HC|  |TAMS 0x0000000081200000, 0x0000000081200000| Complete 
|  19|0x0000000081300000, 0x0000000081300000, 0x0000000081400000|  0%| F|  |TAMS 0x0000000081300000, 0x0000000081300000| Untracked 
|  20|0x0000000081400000, 0x0000000081400000, 0x0000000081500000|  0%| F|  |TAMS 0x0000000081400000, 0x0000000081400000| Untracked 
|  21|0x0000000081500000, 0x0000000081500000, 0x0000000081600000|  0%| F|  |TAMS 0x0000000081500000, 0x0000000081500000| Untracked 
|  22|0x0000000081600000, 0x0000000081600000, 0x0000000081700000|  0%| F|  |TAMS 0x0000000081600000, 0x0000000081600000| Untracked 
|  23|0x0000000081700000, 0x0000000081700000, 0x0000000081800000|  0%| F|  |TAMS 0x0000000081700000, 0x0000000081700000| Untracked 
|  24|0x0000000081800000, 0x0000000081800000, 0x0000000081900000|  0%| F|  |TAMS 0x0000000081800000, 0x0000000081800000| Untracked 
|  25|0x0000000081900000, 0x0000000081900000, 0x0000000081a00000|  0%| F|  |TAMS 0x0000000081900000, 0x0000000081900000| Untracked 
|  26|0x0000000081a00000, 0x0000000081a00000, 0x0000000081b00000|  0%| F|  |TAMS 0x0000000081a00000, 0x0000000081a00000| Untracked 
|  27|0x0000000081b00000, 0x0000000081b00000, 0x0000000081c00000|  0%| F|  |TAMS 0x0000000081b00000, 0x0000000081b00000| Untracked 
|  28|0x0000000081c00000, 0x0000000081c00000, 0x0000000081d00000|  0%| F|  |TAMS 0x0000000081c00000, 0x0000000081c00000| Untracked 
|  29|0x0000000081d00000, 0x0000000081d00000, 0x0000000081e00000|  0%| F|  |TAMS 0x0000000081d00000, 0x0000000081d00000| Untracked 
|  30|0x0000000081e00000, 0x0000000081e00000, 0x0000000081f00000|  0%| F|  |TAMS 0x0000000081e00000, 0x0000000081e00000| Untracked 
|  31|0x0000000081f00000, 0x0000000081f00000, 0x0000000082000000|  0%| F|  |TAMS 0x0000000081f00000, 0x0000000081f00000| Untracked 
|  32|0x0000000082000000, 0x0000000082000000, 0x0000000082100000|  0%| F|  |TAMS 0x0000000082000000, 0x0000000082000000| Untracked 
|  33|0x0000000082100000, 0x0000000082100000, 0x0000000082200000|  0%| F|  |TAMS 0x0000000082100000, 0x0000000082100000| Untracked 
|  34|0x0000000082200000, 0x0000000082200000, 0x0000000082300000|  0%| F|  |TAMS 0x0000000082200000, 0x0000000082200000| Untracked 
|  35|0x0000000082300000, 0x0000000082300000, 0x0000000082400000|  0%| F|  |TAMS 0x0000000082300000, 0x0000000082300000| Untracked 
|  36|0x0000000082400000, 0x0000000082400000, 0x0000000082500000|  0%| F|  |TAMS 0x0000000082400000, 0x0000000082400000| Untracked 
|  37|0x0000000082500000, 0x0000000082500000, 0x0000000082600000|  0%| F|  |TAMS 0x0000000082500000, 0x0000000082500000| Untracked 
|  38|0x0000000082600000, 0x0000000082600000, 0x0000000082700000|  0%| F|  |TAMS 0x0000000082600000, 0x0000000082600000| Untracked 
|  39|0x0000000082700000, 0x0000000082700000, 0x0000000082800000|  0%| F|  |TAMS 0x0000000082700000, 0x0000000082700000| Untracked 
|  40|0x0000000082800000, 0x0000000082800000, 0x0000000082900000|  0%| F|  |TAMS 0x0000000082800000, 0x0000000082800000| Untracked 
|  41|0x0000000082900000, 0x0000000082900000, 0x0000000082a00000|  0%| F|  |TAMS 0x0000000082900000, 0x0000000082900000| Untracked 
|  42|0x0000000082a00000, 0x0000000082a00000, 0x0000000082b00000|  0%| F|  |TAMS 0x0000000082a00000, 0x0000000082a00000| Untracked 
|  43|0x0000000082b00000, 0x0000000082b00000, 0x0000000082c00000|  0%| F|  |TAMS 0x0000000082b00000, 0x0000000082b00000| Untracked 
|  44|0x0000000082c00000, 0x0000000082c00000, 0x0000000082d00000|  0%| F|  |TAMS 0x0000000082c00000, 0x0000000082c00000| Untracked 
|  45|0x0000000082d00000, 0x0000000082d00000, 0x0000000082e00000|  0%| F|  |TAMS 0x0000000082d00000, 0x0000000082d00000| Untracked 
|  46|0x0000000082e00000, 0x0000000082e00000, 0x0000000082f00000|  0%| F|  |TAMS 0x0000000082e00000, 0x0000000082e00000| Untracked 
|  47|0x0000000082f00000, 0x0000000082f00000, 0x0000000083000000|  0%| F|  |TAMS 0x0000000082f00000, 0x0000000082f00000| Untracked 
|  48|0x0000000083000000, 0x0000000083000000, 0x0000000083100000|  0%| F|  |TAMS 0x0000000083000000, 0x0000000083000000| Untracked 
|  49|0x0000000083100000, 0x0000000083100000, 0x0000000083200000|  0%| F|  |TAMS 0x0000000083100000, 0x0000000083100000| Untracked 
|  50|0x0000000083200000, 0x0000000083200000, 0x0000000083300000|  0%| F|  |TAMS 0x0000000083200000, 0x0000000083200000| Untracked 
|  51|0x0000000083300000, 0x0000000083300000, 0x0000000083400000|  0%| F|  |TAMS 0x0000000083300000, 0x0000000083300000| Untracked 
|  52|0x0000000083400000, 0x0000000083400000, 0x0000000083500000|  0%| F|  |TAMS 0x0000000083400000, 0x0000000083400000| Untracked 
|  53|0x0000000083500000, 0x0000000083500000, 0x0000000083600000|  0%| F|  |TAMS 0x0000000083500000, 0x0000000083500000| Untracked 
|  54|0x0000000083600000, 0x0000000083600000, 0x0000000083700000|  0%| F|  |TAMS 0x0000000083600000, 0x0000000083600000| Untracked 
|  55|0x0000000083700000, 0x0000000083700000, 0x0000000083800000|  0%| F|  |TAMS 0x0000000083700000, 0x0000000083700000| Untracked 
|  56|0x0000000083800000, 0x0000000083800000, 0x0000000083900000|  0%| F|  |TAMS 0x0000000083800000, 0x0000000083800000| Untracked 
|  57|0x0000000083900000, 0x0000000083900000, 0x0000000083a00000|  0%| F|  |TAMS 0x0000000083900000, 0x0000000083900000| Untracked 
|  58|0x0000000083a00000, 0x0000000083a00000, 0x0000000083b00000|  0%| F|  |TAMS 0x0000000083a00000, 0x0000000083a00000| Untracked 
|  59|0x0000000083b00000, 0x0000000083b00000, 0x0000000083c00000|  0%| F|  |TAMS 0x0000000083b00000, 0x0000000083b00000| Untracked 
|  60|0x0000000083c00000, 0x0000000083c00000, 0x0000000083d00000|  0%| F|  |TAMS 0x0000000083c00000, 0x0000000083c00000| Untracked 
|  61|0x0000000083d00000, 0x0000000083d00000, 0x0000000083e00000|  0%| F|  |TAMS 0x0000000083d00000, 0x0000000083d00000| Untracked 
|  62|0x0000000083e00000, 0x0000000083e00000, 0x0000000083f00000|  0%| F|  |TAMS 0x0000000083e00000, 0x0000000083e00000| Untracked 
|  63|0x0000000083f00000, 0x0000000083f00000, 0x0000000084000000|  0%| F|  |TAMS 0x0000000083f00000, 0x0000000083f00000| Untracked 
|  64|0x0000000084000000, 0x0000000084000000, 0x0000000084100000|  0%| F|  |TAMS 0x0000000084000000, 0x0000000084000000| Untracked 
|  65|0x0000000084100000, 0x0000000084100000, 0x0000000084200000|  0%| F|  |TAMS 0x0000000084100000, 0x0000000084100000| Untracked 
|  66|0x0000000084200000, 0x0000000084200000, 0x0000000084300000|  0%| F|  |TAMS 0x0000000084200000, 0x0000000084200000| Untracked 
|  67|0x0000000084300000, 0x0000000084300000, 0x0000000084400000|  0%| F|  |TAMS 0x0000000084300000, 0x0000000084300000| Untracked 
|  68|0x0000000084400000, 0x0000000084400000, 0x0000000084500000|  0%| F|  |TAMS 0x0000000084400000, 0x0000000084400000| Untracked 
|  69|0x0000000084500000, 0x0000000084500000, 0x0000000084600000|  0%| F|  |TAMS 0x0000000084500000, 0x0000000084500000| Untracked 
|  70|0x0000000084600000, 0x0000000084600000, 0x0000000084700000|  0%| F|  |TAMS 0x0000000084600000, 0x0000000084600000| Untracked 
|  71|0x0000000084700000, 0x0000000084700000, 0x0000000084800000|  0%| F|  |TAMS 0x0000000084700000, 0x0000000084700000| Untracked 
|  72|0x0000000084800000, 0x0000000084800000, 0x0000000084900000|  0%| F|  |TAMS 0x0000000084800000, 0x0000000084800000| Untracked 
|  73|0x0000000084900000, 0x0000000084900000, 0x0000000084a00000|  0%| F|  |TAMS 0x0000000084900000, 0x0000000084900000| Untracked 
|  74|0x0000000084a00000, 0x0000000084a00000, 0x0000000084b00000|  0%| F|  |TAMS 0x0000000084a00000, 0x0000000084a00000| Untracked 
|  75|0x0000000084b00000, 0x0000000084b00000, 0x0000000084c00000|  0%| F|  |TAMS 0x0000000084b00000, 0x0000000084b00000| Untracked 
|  76|0x0000000084c00000, 0x0000000084c00000, 0x0000000084d00000|  0%| F|  |TAMS 0x0000000084c00000, 0x0000000084c00000| Untracked 
|  77|0x0000000084d00000, 0x0000000084d00000, 0x0000000084e00000|  0%| F|  |TAMS 0x0000000084d00000, 0x0000000084d00000| Untracked 
|  78|0x0000000084e00000, 0x0000000084e00000, 0x0000000084f00000|  0%| F|  |TAMS 0x0000000084e00000, 0x0000000084e00000| Untracked 
|  79|0x0000000084f00000, 0x0000000084f00000, 0x0000000085000000|  0%| F|  |TAMS 0x0000000084f00000, 0x0000000084f00000| Untracked 
|  80|0x0000000085000000, 0x0000000085000000, 0x0000000085100000|  0%| F|  |TAMS 0x0000000085000000, 0x0000000085000000| Untracked 
|  81|0x0000000085100000, 0x0000000085100000, 0x0000000085200000|  0%| F|  |TAMS 0x0000000085100000, 0x0000000085100000| Untracked 
|  82|0x0000000085200000, 0x0000000085200000, 0x0000000085300000|  0%| F|  |TAMS 0x0000000085200000, 0x0000000085200000| Untracked 
|  83|0x0000000085300000, 0x0000000085300000, 0x0000000085400000|  0%| F|  |TAMS 0x0000000085300000, 0x0000000085300000| Untracked 
|  84|0x0000000085400000, 0x0000000085400000, 0x0000000085500000|  0%| F|  |TAMS 0x0000000085400000, 0x0000000085400000| Untracked 
|  85|0x0000000085500000, 0x0000000085500000, 0x0000000085600000|  0%| F|  |TAMS 0x0000000085500000, 0x0000000085500000| Untracked 
|  86|0x0000000085600000, 0x0000000085600000, 0x0000000085700000|  0%| F|  |TAMS 0x0000000085600000, 0x0000000085600000| Untracked 
|  87|0x0000000085700000, 0x0000000085700000, 0x0000000085800000|  0%| F|  |TAMS 0x0000000085700000, 0x0000000085700000| Untracked 
|  88|0x0000000085800000, 0x0000000085800000, 0x0000000085900000|  0%| F|  |TAMS 0x0000000085800000, 0x0000000085800000| Untracked 
|  89|0x0000000085900000, 0x0000000085900000, 0x0000000085a00000|  0%| F|  |TAMS 0x0000000085900000, 0x0000000085900000| Untracked 
|  90|0x0000000085a00000, 0x0000000085a00000, 0x0000000085b00000|  0%| F|  |TAMS 0x0000000085a00000, 0x0000000085a00000| Untracked 
|  91|0x0000000085b00000, 0x0000000085b00000, 0x0000000085c00000|  0%| F|  |TAMS 0x0000000085b00000, 0x0000000085b00000| Untracked 
|  92|0x0000000085c00000, 0x0000000085c00000, 0x0000000085d00000|  0%| F|  |TAMS 0x0000000085c00000, 0x0000000085c00000| Untracked 
|  93|0x0000000085d00000, 0x0000000085d00000, 0x0000000085e00000|  0%| F|  |TAMS 0x0000000085d00000, 0x0000000085d00000| Untracked 
|  94|0x0000000085e00000, 0x0000000085e00000, 0x0000000085f00000|  0%| F|  |TAMS 0x0000000085e00000, 0x0000000085e00000| Untracked 
|  95|0x0000000085f00000, 0x0000000085f00000, 0x0000000086000000|  0%| F|  |TAMS 0x0000000085f00000, 0x0000000085f00000| Untracked 
|  96|0x0000000086000000, 0x0000000086000000, 0x0000000086100000|  0%| F|  |TAMS 0x0000000086000000, 0x0000000086000000| Untracked 
|  97|0x0000000086100000, 0x0000000086100000, 0x0000000086200000|  0%| F|  |TAMS 0x0000000086100000, 0x0000000086100000| Untracked 
|  98|0x0000000086200000, 0x0000000086200000, 0x0000000086300000|  0%| F|  |TAMS 0x0000000086200000, 0x0000000086200000| Untracked 
|  99|0x0000000086300000, 0x0000000086300000, 0x0000000086400000|  0%| F|  |TAMS 0x0000000086300000, 0x0000000086300000| Untracked 
| 100|0x0000000086400000, 0x0000000086400000, 0x0000000086500000|  0%| F|  |TAMS 0x0000000086400000, 0x0000000086400000| Untracked 
| 101|0x0000000086500000, 0x0000000086500000, 0x0000000086600000|  0%| F|  |TAMS 0x0000000086500000, 0x0000000086500000| Untracked 
| 102|0x0000000086600000, 0x0000000086600000, 0x0000000086700000|  0%| F|  |TAMS 0x0000000086600000, 0x0000000086600000| Untracked 
| 103|0x0000000086700000, 0x0000000086700000, 0x0000000086800000|  0%| F|  |TAMS 0x0000000086700000, 0x0000000086700000| Untracked 
| 104|0x0000000086800000, 0x0000000086800000, 0x0000000086900000|  0%| F|  |TAMS 0x0000000086800000, 0x0000000086800000| Untracked 
| 105|0x0000000086900000, 0x0000000086900000, 0x0000000086a00000|  0%| F|  |TAMS 0x0000000086900000, 0x0000000086900000| Untracked 
| 106|0x0000000086a00000, 0x0000000086a00000, 0x0000000086b00000|  0%| F|  |TAMS 0x0000000086a00000, 0x0000000086a00000| Untracked 
| 107|0x0000000086b00000, 0x0000000086b00000, 0x0000000086c00000|  0%| F|  |TAMS 0x0000000086b00000, 0x0000000086b00000| Untracked 
| 108|0x0000000086c00000, 0x0000000086c00000, 0x0000000086d00000|  0%| F|  |TAMS 0x0000000086c00000, 0x0000000086c00000| Untracked 
| 109|0x0000000086d00000, 0x0000000086d00000, 0x0000000086e00000|  0%| F|  |TAMS 0x0000000086d00000, 0x0000000086d00000| Untracked 
| 110|0x0000000086e00000, 0x0000000086e00000, 0x0000000086f00000|  0%| F|  |TAMS 0x0000000086e00000, 0x0000000086e00000| Untracked 
| 111|0x0000000086f00000, 0x0000000086f00000, 0x0000000087000000|  0%| F|  |TAMS 0x0000000086f00000, 0x0000000086f00000| Untracked 
| 112|0x0000000087000000, 0x0000000087000000, 0x0000000087100000|  0%| F|  |TAMS 0x0000000087000000, 0x0000000087000000| Untracked 
| 113|0x0000000087100000, 0x0000000087100000, 0x0000000087200000|  0%| F|  |TAMS 0x0000000087100000, 0x0000000087100000| Untracked 
| 114|0x0000000087200000, 0x0000000087200000, 0x0000000087300000|  0%| F|  |TAMS 0x0000000087200000, 0x0000000087200000| Untracked 
| 115|0x0000000087300000, 0x0000000087300000, 0x0000000087400000|  0%| F|  |TAMS 0x0000000087300000, 0x0000000087300000| Untracked 
| 116|0x0000000087400000, 0x0000000087400000, 0x0000000087500000|  0%| F|  |TAMS 0x0000000087400000, 0x0000000087400000| Untracked 
| 117|0x0000000087500000, 0x0000000087500000, 0x0000000087600000|  0%| F|  |TAMS 0x0000000087500000, 0x0000000087500000| Untracked 
| 118|0x0000000087600000, 0x0000000087600000, 0x0000000087700000|  0%| F|  |TAMS 0x0000000087600000, 0x0000000087600000| Untracked 
| 119|0x0000000087700000, 0x0000000087700000, 0x0000000087800000|  0%| F|  |TAMS 0x0000000087700000, 0x0000000087700000| Untracked 
| 120|0x0000000087800000, 0x0000000087800000, 0x0000000087900000|  0%| F|  |TAMS 0x0000000087800000, 0x0000000087800000| Untracked 
| 121|0x0000000087900000, 0x0000000087900000, 0x0000000087a00000|  0%| F|  |TAMS 0x0000000087900000, 0x0000000087900000| Untracked 
| 122|0x0000000087a00000, 0x0000000087a00000, 0x0000000087b00000|  0%| F|  |TAMS 0x0000000087a00000, 0x0000000087a00000| Untracked 
| 123|0x0000000087b00000, 0x0000000087b00000, 0x0000000087c00000|  0%| F|  |TAMS 0x0000000087b00000, 0x0000000087b00000| Untracked 
| 124|0x0000000087c00000, 0x0000000087c00000, 0x0000000087d00000|  0%| F|  |TAMS 0x0000000087c00000, 0x0000000087c00000| Untracked 
| 125|0x0000000087d00000, 0x0000000087d00000, 0x0000000087e00000|  0%| F|  |TAMS 0x0000000087d00000, 0x0000000087d00000| Untracked 
| 126|0x0000000087e00000, 0x0000000087e00000, 0x0000000087f00000|  0%| F|  |TAMS 0x0000000087e00000, 0x0000000087e00000| Untracked 
| 127|0x0000000087f00000, 0x0000000087f00000, 0x0000000088000000|  0%| F|  |TAMS 0x0000000087f00000, 0x0000000087f00000| Untracked 
| 128|0x0000000088000000, 0x0000000088000000, 0x0000000088100000|  0%| F|  |TAMS 0x0000000088000000, 0x0000000088000000| Untracked 
| 129|0x0000000088100000, 0x0000000088100000, 0x0000000088200000|  0%| F|  |TAMS 0x0000000088100000, 0x0000000088100000| Untracked 
| 130|0x0000000088200000, 0x0000000088200000, 0x0000000088300000|  0%| F|  |TAMS 0x0000000088200000, 0x0000000088200000| Untracked 
| 131|0x0000000088300000, 0x0000000088300000, 0x0000000088400000|  0%| F|  |TAMS 0x0000000088300000, 0x0000000088300000| Untracked 
| 132|0x0000000088400000, 0x0000000088400000, 0x0000000088500000|  0%| F|  |TAMS 0x0000000088400000, 0x0000000088400000| Untracked 
| 133|0x0000000088500000, 0x0000000088500000, 0x0000000088600000|  0%| F|  |TAMS 0x0000000088500000, 0x0000000088500000| Untracked 
| 134|0x0000000088600000, 0x0000000088600000, 0x0000000088700000|  0%| F|  |TAMS 0x0000000088600000, 0x0000000088600000| Untracked 
| 135|0x0000000088700000, 0x0000000088700000, 0x0000000088800000|  0%| F|  |TAMS 0x0000000088700000, 0x0000000088700000| Untracked 
| 136|0x0000000088800000, 0x0000000088800000, 0x0000000088900000|  0%| F|  |TAMS 0x0000000088800000, 0x0000000088800000| Untracked 
| 137|0x0000000088900000, 0x0000000088900000, 0x0000000088a00000|  0%| F|  |TAMS 0x0000000088900000, 0x0000000088900000| Untracked 
| 138|0x0000000088a00000, 0x0000000088a00000, 0x0000000088b00000|  0%| F|  |TAMS 0x0000000088a00000, 0x0000000088a00000| Untracked 
| 139|0x0000000088b00000, 0x0000000088b00000, 0x0000000088c00000|  0%| F|  |TAMS 0x0000000088b00000, 0x0000000088b00000| Untracked 
| 140|0x0000000088c00000, 0x0000000088c00000, 0x0000000088d00000|  0%| F|  |TAMS 0x0000000088c00000, 0x0000000088c00000| Untracked 
| 141|0x0000000088d00000, 0x0000000088d00000, 0x0000000088e00000|  0%| F|  |TAMS 0x0000000088d00000, 0x0000000088d00000| Untracked 
| 142|0x0000000088e00000, 0x0000000088e00000, 0x0000000088f00000|  0%| F|  |TAMS 0x0000000088e00000, 0x0000000088e00000| Untracked 
| 143|0x0000000088f00000, 0x0000000088f00000, 0x0000000089000000|  0%| F|  |TAMS 0x0000000088f00000, 0x0000000088f00000| Untracked 
| 144|0x0000000089000000, 0x0000000089000000, 0x0000000089100000|  0%| F|  |TAMS 0x0000000089000000, 0x0000000089000000| Untracked 
| 145|0x0000000089100000, 0x0000000089100000, 0x0000000089200000|  0%| F|  |TAMS 0x0000000089100000, 0x0000000089100000| Untracked 
| 146|0x0000000089200000, 0x0000000089200000, 0x0000000089300000|  0%| F|  |TAMS 0x0000000089200000, 0x0000000089200000| Untracked 
| 147|0x0000000089300000, 0x0000000089300000, 0x0000000089400000|  0%| F|  |TAMS 0x0000000089300000, 0x0000000089300000| Untracked 
| 148|0x0000000089400000, 0x0000000089400000, 0x0000000089500000|  0%| F|  |TAMS 0x0000000089400000, 0x0000000089400000| Untracked 
| 149|0x0000000089500000, 0x0000000089500000, 0x0000000089600000|  0%| F|  |TAMS 0x0000000089500000, 0x0000000089500000| Untracked 
| 150|0x0000000089600000, 0x0000000089600000, 0x0000000089700000|  0%| F|  |TAMS 0x0000000089600000, 0x0000000089600000| Untracked 
| 151|0x0000000089700000, 0x0000000089700000, 0x0000000089800000|  0%| F|  |TAMS 0x0000000089700000, 0x0000000089700000| Untracked 
| 152|0x0000000089800000, 0x0000000089800000, 0x0000000089900000|  0%| F|  |TAMS 0x0000000089800000, 0x0000000089800000| Untracked 
| 153|0x0000000089900000, 0x0000000089900000, 0x0000000089a00000|  0%| F|  |TAMS 0x0000000089900000, 0x0000000089900000| Untracked 
| 154|0x0000000089a00000, 0x0000000089a00000, 0x0000000089b00000|  0%| F|  |TAMS 0x0000000089a00000, 0x0000000089a00000| Untracked 
| 155|0x0000000089b00000, 0x0000000089b00000, 0x0000000089c00000|  0%| F|  |TAMS 0x0000000089b00000, 0x0000000089b00000| Untracked 
| 156|0x0000000089c00000, 0x0000000089c00000, 0x0000000089d00000|  0%| F|  |TAMS 0x0000000089c00000, 0x0000000089c00000| Untracked 
| 157|0x0000000089d00000, 0x0000000089d00000, 0x0000000089e00000|  0%| F|  |TAMS 0x0000000089d00000, 0x0000000089d00000| Untracked 
| 158|0x0000000089e00000, 0x0000000089e00000, 0x0000000089f00000|  0%| F|  |TAMS 0x0000000089e00000, 0x0000000089e00000| Untracked 
| 159|0x0000000089f00000, 0x0000000089f00000, 0x000000008a000000|  0%| F|  |TAMS 0x0000000089f00000, 0x0000000089f00000| Untracked 
| 160|0x000000008a000000, 0x000000008a000000, 0x000000008a100000|  0%| F|  |TAMS 0x000000008a000000, 0x000000008a000000| Untracked 
| 161|0x000000008a100000, 0x000000008a100000, 0x000000008a200000|  0%| F|  |TAMS 0x000000008a100000, 0x000000008a100000| Untracked 
| 162|0x000000008a200000, 0x000000008a200000, 0x000000008a300000|  0%| F|  |TAMS 0x000000008a200000, 0x000000008a200000| Untracked 
| 163|0x000000008a300000, 0x000000008a300000, 0x000000008a400000|  0%| F|  |TAMS 0x000000008a300000, 0x000000008a300000| Untracked 
| 164|0x000000008a400000, 0x000000008a400000, 0x000000008a500000|  0%| F|  |TAMS 0x000000008a400000, 0x000000008a400000| Untracked 
| 165|0x000000008a500000, 0x000000008a500000, 0x000000008a600000|  0%| F|  |TAMS 0x000000008a500000, 0x000000008a500000| Untracked 
| 166|0x000000008a600000, 0x000000008a600000, 0x000000008a700000|  0%| F|  |TAMS 0x000000008a600000, 0x000000008a600000| Untracked 
| 167|0x000000008a700000, 0x000000008a700000, 0x000000008a800000|  0%| F|  |TAMS 0x000000008a700000, 0x000000008a700000| Untracked 
| 168|0x000000008a800000, 0x000000008a800000, 0x000000008a900000|  0%| F|  |TAMS 0x000000008a800000, 0x000000008a800000| Untracked 
| 169|0x000000008a900000, 0x000000008a900000, 0x000000008aa00000|  0%| F|  |TAMS 0x000000008a900000, 0x000000008a900000| Untracked 
| 170|0x000000008aa00000, 0x000000008aa00000, 0x000000008ab00000|  0%| F|  |TAMS 0x000000008aa00000, 0x000000008aa00000| Untracked 
| 171|0x000000008ab00000, 0x000000008ab00000, 0x000000008ac00000|  0%| F|  |TAMS 0x000000008ab00000, 0x000000008ab00000| Untracked 
| 172|0x000000008ac00000, 0x000000008ac00000, 0x000000008ad00000|  0%| F|  |TAMS 0x000000008ac00000, 0x000000008ac00000| Untracked 
| 173|0x000000008ad00000, 0x000000008ad00000, 0x000000008ae00000|  0%| F|  |TAMS 0x000000008ad00000, 0x000000008ad00000| Untracked 
| 174|0x000000008ae00000, 0x000000008ae00000, 0x000000008af00000|  0%| F|  |TAMS 0x000000008ae00000, 0x000000008ae00000| Untracked 
| 175|0x000000008af00000, 0x000000008af00000, 0x000000008b000000|  0%| F|  |TAMS 0x000000008af00000, 0x000000008af00000| Untracked 
| 176|0x000000008b000000, 0x000000008b000000, 0x000000008b100000|  0%| F|  |TAMS 0x000000008b000000, 0x000000008b000000| Untracked 
| 177|0x000000008b100000, 0x000000008b100000, 0x000000008b200000|  0%| F|  |TAMS 0x000000008b100000, 0x000000008b100000| Untracked 
| 178|0x000000008b200000, 0x000000008b267800, 0x000000008b300000| 40%| S|CS|TAMS 0x000000008b200000, 0x000000008b200000| Complete 
| 179|0x000000008b300000, 0x000000008b400000, 0x000000008b400000|100%| S|CS|TAMS 0x000000008b300000, 0x000000008b300000| Complete 
| 180|0x000000008b400000, 0x000000008b500000, 0x000000008b500000|100%| S|CS|TAMS 0x000000008b400000, 0x000000008b400000| Complete 
| 181|0x000000008b500000, 0x000000008b600000, 0x000000008b600000|100%| S|CS|TAMS 0x000000008b500000, 0x000000008b500000| Complete 
| 182|0x000000008b600000, 0x000000008b700000, 0x000000008b700000|100%| S|CS|TAMS 0x000000008b600000, 0x000000008b600000| Complete 
| 183|0x000000008b700000, 0x000000008b800000, 0x000000008b800000|100%| S|CS|TAMS 0x000000008b700000, 0x000000008b700000| Complete 
| 184|0x000000008b800000, 0x000000008b900000, 0x000000008b900000|100%| S|CS|TAMS 0x000000008b800000, 0x000000008b800000| Complete 
| 185|0x000000008b900000, 0x000000008b900000, 0x000000008ba00000|  0%| F|  |TAMS 0x000000008b900000, 0x000000008b900000| Untracked 
| 186|0x000000008ba00000, 0x000000008ba00000, 0x000000008bb00000|  0%| F|  |TAMS 0x000000008ba00000, 0x000000008ba00000| Untracked 
| 187|0x000000008bb00000, 0x000000008bb00000, 0x000000008bc00000|  0%| F|  |TAMS 0x000000008bb00000, 0x000000008bb00000| Untracked 
| 188|0x000000008bc00000, 0x000000008bc00000, 0x000000008bd00000|  0%| F|  |TAMS 0x000000008bc00000, 0x000000008bc00000| Untracked 
| 189|0x000000008bd00000, 0x000000008bd00000, 0x000000008be00000|  0%| F|  |TAMS 0x000000008bd00000, 0x000000008bd00000| Untracked 
| 190|0x000000008be00000, 0x000000008be00000, 0x000000008bf00000|  0%| F|  |TAMS 0x000000008be00000, 0x000000008be00000| Untracked 
| 191|0x000000008bf00000, 0x000000008bf00000, 0x000000008c000000|  0%| F|  |TAMS 0x000000008bf00000, 0x000000008bf00000| Untracked 
| 192|0x000000008c000000, 0x000000008c000000, 0x000000008c100000|  0%| F|  |TAMS 0x000000008c000000, 0x000000008c000000| Untracked 
| 193|0x000000008c100000, 0x000000008c100000, 0x000000008c200000|  0%| F|  |TAMS 0x000000008c100000, 0x000000008c100000| Untracked 
| 194|0x000000008c200000, 0x000000008c200000, 0x000000008c300000|  0%| F|  |TAMS 0x000000008c200000, 0x000000008c200000| Untracked 
| 195|0x000000008c300000, 0x000000008c300000, 0x000000008c400000|  0%| F|  |TAMS 0x000000008c300000, 0x000000008c300000| Untracked 
| 196|0x000000008c400000, 0x000000008c400000, 0x000000008c500000|  0%| F|  |TAMS 0x000000008c400000, 0x000000008c400000| Untracked 
| 197|0x000000008c500000, 0x000000008c500000, 0x000000008c600000|  0%| F|  |TAMS 0x000000008c500000, 0x000000008c500000| Untracked 
| 198|0x000000008c600000, 0x000000008c600000, 0x000000008c700000|  0%| F|  |TAMS 0x000000008c600000, 0x000000008c600000| Untracked 
| 199|0x000000008c700000, 0x000000008c700000, 0x000000008c800000|  0%| F|  |TAMS 0x000000008c700000, 0x000000008c700000| Untracked 
| 200|0x000000008c800000, 0x000000008c800000, 0x000000008c900000|  0%| F|  |TAMS 0x000000008c800000, 0x000000008c800000| Untracked 
| 201|0x000000008c900000, 0x000000008c900000, 0x000000008ca00000|  0%| F|  |TAMS 0x000000008c900000, 0x000000008c900000| Untracked 
| 202|0x000000008ca00000, 0x000000008ca00000, 0x000000008cb00000|  0%| F|  |TAMS 0x000000008ca00000, 0x000000008ca00000| Untracked 
| 203|0x000000008cb00000, 0x000000008cb00000, 0x000000008cc00000|  0%| F|  |TAMS 0x000000008cb00000, 0x000000008cb00000| Untracked 
| 204|0x000000008cc00000, 0x000000008cc00000, 0x000000008cd00000|  0%| F|  |TAMS 0x000000008cc00000, 0x000000008cc00000| Untracked 
| 205|0x000000008cd00000, 0x000000008cd00000, 0x000000008ce00000|  0%| F|  |TAMS 0x000000008cd00000, 0x000000008cd00000| Untracked 
| 206|0x000000008ce00000, 0x000000008ce00000, 0x000000008cf00000|  0%| F|  |TAMS 0x000000008ce00000, 0x000000008ce00000| Untracked 
| 207|0x000000008cf00000, 0x000000008d000000, 0x000000008d000000|100%| E|  |TAMS 0x000000008cf00000, 0x000000008cf00000| Complete 
| 208|0x000000008d000000, 0x000000008d100000, 0x000000008d100000|100%| E|CS|TAMS 0x000000008d000000, 0x000000008d000000| Complete 
| 209|0x000000008d100000, 0x000000008d200000, 0x000000008d200000|100%| E|CS|TAMS 0x000000008d100000, 0x000000008d100000| Complete 
| 210|0x000000008d200000, 0x000000008d300000, 0x000000008d300000|100%| E|CS|TAMS 0x000000008d200000, 0x000000008d200000| Complete 
| 211|0x000000008d300000, 0x000000008d400000, 0x000000008d400000|100%| E|  |TAMS 0x000000008d300000, 0x000000008d300000| Complete 
| 212|0x000000008d400000, 0x000000008d500000, 0x000000008d500000|100%| E|CS|TAMS 0x000000008d400000, 0x000000008d400000| Complete 
| 213|0x000000008d500000, 0x000000008d600000, 0x000000008d600000|100%| E|CS|TAMS 0x000000008d500000, 0x000000008d500000| Complete 
| 214|0x000000008d600000, 0x000000008d700000, 0x000000008d700000|100%| E|CS|TAMS 0x000000008d600000, 0x000000008d600000| Complete 
| 215|0x000000008d700000, 0x000000008d800000, 0x000000008d800000|100%| E|CS|TAMS 0x000000008d700000, 0x000000008d700000| Complete 
| 216|0x000000008d800000, 0x000000008d900000, 0x000000008d900000|100%| E|CS|TAMS 0x000000008d800000, 0x000000008d800000| Complete 
| 217|0x000000008d900000, 0x000000008da00000, 0x000000008da00000|100%| E|CS|TAMS 0x000000008d900000, 0x000000008d900000| Complete 
| 218|0x000000008da00000, 0x000000008db00000, 0x000000008db00000|100%| E|CS|TAMS 0x000000008da00000, 0x000000008da00000| Complete 
| 219|0x000000008db00000, 0x000000008dc00000, 0x000000008dc00000|100%| E|CS|TAMS 0x000000008db00000, 0x000000008db00000| Complete 
| 220|0x000000008dc00000, 0x000000008dd00000, 0x000000008dd00000|100%| E|CS|TAMS 0x000000008dc00000, 0x000000008dc00000| Complete 
| 221|0x000000008dd00000, 0x000000008de00000, 0x000000008de00000|100%| E|CS|TAMS 0x000000008dd00000, 0x000000008dd00000| Complete 
| 222|0x000000008de00000, 0x000000008df00000, 0x000000008df00000|100%| E|CS|TAMS 0x000000008de00000, 0x000000008de00000| Complete 
| 223|0x000000008df00000, 0x000000008e000000, 0x000000008e000000|100%| E|CS|TAMS 0x000000008df00000, 0x000000008df00000| Complete 
| 224|0x000000008e000000, 0x000000008e100000, 0x000000008e100000|100%| E|CS|TAMS 0x000000008e000000, 0x000000008e000000| Complete 
| 225|0x000000008e100000, 0x000000008e200000, 0x000000008e200000|100%| E|CS|TAMS 0x000000008e100000, 0x000000008e100000| Complete 
| 226|0x000000008e200000, 0x000000008e300000, 0x000000008e300000|100%| E|CS|TAMS 0x000000008e200000, 0x000000008e200000| Complete 
| 227|0x000000008e300000, 0x000000008e400000, 0x000000008e400000|100%| E|CS|TAMS 0x000000008e300000, 0x000000008e300000| Complete 
| 228|0x000000008e400000, 0x000000008e500000, 0x000000008e500000|100%| E|CS|TAMS 0x000000008e400000, 0x000000008e400000| Complete 
| 229|0x000000008e500000, 0x000000008e600000, 0x000000008e600000|100%| E|CS|TAMS 0x000000008e500000, 0x000000008e500000| Complete 
| 230|0x000000008e600000, 0x000000008e700000, 0x000000008e700000|100%| E|CS|TAMS 0x000000008e600000, 0x000000008e600000| Complete 
| 231|0x000000008e700000, 0x000000008e800000, 0x000000008e800000|100%| E|CS|TAMS 0x000000008e700000, 0x000000008e700000| Complete 
| 232|0x000000008e800000, 0x000000008e900000, 0x000000008e900000|100%| E|CS|TAMS 0x000000008e800000, 0x000000008e800000| Complete 
| 233|0x000000008e900000, 0x000000008ea00000, 0x000000008ea00000|100%| E|CS|TAMS 0x000000008e900000, 0x000000008e900000| Complete 
| 234|0x000000008ea00000, 0x000000008eb00000, 0x000000008eb00000|100%| E|CS|TAMS 0x000000008ea00000, 0x000000008ea00000| Complete 
| 235|0x000000008eb00000, 0x000000008ec00000, 0x000000008ec00000|100%| E|CS|TAMS 0x000000008eb00000, 0x000000008eb00000| Complete 
| 236|0x000000008ec00000, 0x000000008ed00000, 0x000000008ed00000|100%| E|CS|TAMS 0x000000008ec00000, 0x000000008ec00000| Complete 
| 237|0x000000008ed00000, 0x000000008ee00000, 0x000000008ee00000|100%| E|CS|TAMS 0x000000008ed00000, 0x000000008ed00000| Complete 
| 238|0x000000008ee00000, 0x000000008ef00000, 0x000000008ef00000|100%| E|CS|TAMS 0x000000008ee00000, 0x000000008ee00000| Complete 
| 239|0x000000008ef00000, 0x000000008f000000, 0x000000008f000000|100%| E|CS|TAMS 0x000000008ef00000, 0x000000008ef00000| Complete 
| 240|0x000000008f000000, 0x000000008f100000, 0x000000008f100000|100%| E|CS|TAMS 0x000000008f000000, 0x000000008f000000| Complete 
| 241|0x000000008f100000, 0x000000008f200000, 0x000000008f200000|100%| E|CS|TAMS 0x000000008f100000, 0x000000008f100000| Complete 
| 242|0x000000008f200000, 0x000000008f300000, 0x000000008f300000|100%| E|CS|TAMS 0x000000008f200000, 0x000000008f200000| Complete 
| 243|0x000000008f300000, 0x000000008f400000, 0x000000008f400000|100%| E|CS|TAMS 0x000000008f300000, 0x000000008f300000| Complete 
| 244|0x000000008f400000, 0x000000008f500000, 0x000000008f500000|100%| E|CS|TAMS 0x000000008f400000, 0x000000008f400000| Complete 
| 245|0x000000008f500000, 0x000000008f600000, 0x000000008f600000|100%| E|CS|TAMS 0x000000008f500000, 0x000000008f500000| Complete 
| 246|0x000000008f600000, 0x000000008f700000, 0x000000008f700000|100%| E|CS|TAMS 0x000000008f600000, 0x000000008f600000| Complete 
| 247|0x000000008f700000, 0x000000008f800000, 0x000000008f800000|100%| E|CS|TAMS 0x000000008f700000, 0x000000008f700000| Complete 

Card table byte_map: [0x0000020975120000,0x0000020975520000] _byte_map_base: 0x0000020974d20000

Marking Bits (Prev, Next): (CMBitMap*) 0x000002096f450488, (CMBitMap*) 0x000002096f4504c0
 Prev Bits: [0x0000020975920000, 0x0000020977920000)
 Next Bits: [0x0000020977920000, 0x0000020979920000)

Polling page: 0x000002096f4f0000

Metaspace:

Usage:
  Non-class:     33.58 MB capacity,    33.01 MB ( 98%) used,   490.23 KB (  1%) free+waste,    88.88 KB ( <1%) overhead. 
      Class:      5.15 MB capacity,     4.83 MB ( 94%) used,   292.48 KB (  6%) free+waste,    42.75 KB ( <1%) overhead. 
       Both:     38.73 MB capacity,    37.84 MB ( 98%) used,   782.71 KB (  2%) free+waste,   131.63 KB ( <1%) overhead. 

Virtual space:
  Non-class space:       34.00 MB reserved,      33.70 MB (>99%) committed 
      Class space:        1.00 GB reserved,       5.25 MB ( <1%) committed 
             Both:        1.03 GB reserved,      38.95 MB (  4%) committed 

Chunk freelists:
   Non-Class:  1.00 KB
       Class:  2.00 KB
        Both:  3.00 KB

MaxMetaspaceSize: 17179869184.00 GB
CompressedClassSpaceSize: 1.00 GB

CodeHeap 'non-profiled nmethods': size=120064Kb used=1728Kb max_used=1728Kb free=118335Kb
 bounds [0x0000020907ac0000, 0x0000020907d30000, 0x000002090f000000]
CodeHeap 'profiled nmethods': size=120000Kb used=7231Kb max_used=7231Kb free=112768Kb
 bounds [0x0000020900590000, 0x0000020900ca0000, 0x0000020907ac0000]
CodeHeap 'non-nmethods': size=5696Kb used=2198Kb max_used=2236Kb free=3497Kb
 bounds [0x0000020900000000, 0x0000020900270000, 0x0000020900590000]
 total_blobs=4184 nmethods=3424 adapters=671
 compilation: enabled
              stopped_count=0, restarted_count=0
 full_count=0

Compilation events (20 events):
Event: 16.400 Thread 0x000002097c838800 3415       3       com.sun.beans.introspect.PropertyInfo::is (31 bytes)
Event: 16.400 Thread 0x000002097c838800 nmethod 3415 0x0000020900c8f290 code [0x0000020900c8f480, 0x0000020900c8fa28]
Event: 16.403 Thread 0x000002097c838800 3416       3       java.lang.PublicMethods$Key::equals (52 bytes)
Event: 16.404 Thread 0x000002097c838800 nmethod 3416 0x0000020900c8fb90 code [0x0000020900c8fd60, 0x0000020900c901a8]
Event: 16.406 Thread 0x000002097c838800 3417       3       java.util.Collections$UnmodifiableMap$UnmodifiableEntrySet$UnmodifiableEntry::getValue (10 bytes)
Event: 16.407 Thread 0x000002097c838800 nmethod 3417 0x0000020900c90290 code [0x0000020900c90440, 0x0000020900c90608]
Event: 16.407 Thread 0x000002097c838800 3418  s!   3       java.beans.PropertyDescriptor::getWriteMethod (152 bytes)
Event: 16.410 Thread 0x000002097c838800 nmethod 3418 0x0000020900c90710 code [0x0000020900c90aa0, 0x0000020900c92928]
Event: 16.410 Thread 0x000002097c838800 3419       3       java.util.Hashtable$Enumerator::hasMoreElements (53 bytes)
Event: 16.411 Thread 0x000002097c838800 nmethod 3419 0x0000020900c93190 code [0x0000020900c93360, 0x0000020900c93638]
Event: 16.411 Thread 0x000002097c838800 3420       3       java.util.Hashtable$Enumerator::hasNext (5 bytes)
Event: 16.411 Thread 0x000002097c838800 nmethod 3420 0x0000020900c93790 code [0x0000020900c93940, 0x0000020900c93a68]
Event: 16.411 Thread 0x000002097c838800 3422       3       com.sun.beans.TypeResolver::getActualType (24 bytes)
Event: 16.412 Thread 0x000002097c838800 nmethod 3422 0x0000020900c93b10 code [0x0000020900c93d40, 0x0000020900c944c8]
Event: 16.412 Thread 0x000002097c838800 3423       3       java.util.Hashtable$Enumerator::nextElement (111 bytes)
Event: 16.413 Thread 0x000002097c838800 nmethod 3423 0x0000020900c94710 code [0x0000020900c94900, 0x0000020900c94de8]
Event: 16.413 Thread 0x000002097c838800 3421       3       java.beans.MethodRef::isSet (13 bytes)
Event: 16.413 Thread 0x000002097c838800 nmethod 3421 0x0000020900c94f90 code [0x0000020900c95140, 0x0000020900c95298]
Event: 16.425 Thread 0x000002097c838800 3424       3       org.codehaus.groovy.reflection.CachedClass::getName (8 bytes)
Event: 16.426 Thread 0x000002097c838800 nmethod 3424 0x0000020900c95310 code [0x0000020900c954e0, 0x0000020900c956e8]

GC Heap History (14 events):
Event: 1.549 GC heap before
{Heap before GC invocations=0 (full 0):
 garbage-first heap   total 253952K, used 19456K [0x0000000080000000, 0x0000000100000000)
  region size 1024K, 14 young (14336K), 0 survivors (0K)
 Metaspace       used 6737K, capacity 6925K, committed 7168K, reserved 1056768K
  class space    used 582K, capacity 650K, committed 768K, reserved 1048576K
}
Event: 1.596 GC heap after
{Heap after GC invocations=1 (full 0):
 garbage-first heap   total 253952K, used 7843K [0x0000000080000000, 0x0000000100000000)
  region size 1024K, 2 young (2048K), 2 survivors (2048K)
 Metaspace       used 6737K, capacity 6925K, committed 7168K, reserved 1056768K
  class space    used 582K, capacity 650K, committed 768K, reserved 1048576K
}
Event: 2.304 GC heap before
{Heap before GC invocations=1 (full 0):
 garbage-first heap   total 253952K, used 20131K [0x0000000080000000, 0x0000000100000000)
  region size 1024K, 14 young (14336K), 2 survivors (2048K)
 Metaspace       used 10278K, capacity 10553K, committed 10624K, reserved 1058816K
  class space    used 1070K, capacity 1139K, committed 1152K, reserved 1048576K
}
Event: 2.308 GC heap after
{Heap after GC invocations=2 (full 0):
 garbage-first heap   total 253952K, used 9539K [0x0000000080000000, 0x0000000100000000)
  region size 1024K, 2 young (2048K), 2 survivors (2048K)
 Metaspace       used 10278K, capacity 10553K, committed 10624K, reserved 1058816K
  class space    used 1070K, capacity 1139K, committed 1152K, reserved 1048576K
}
Event: 3.276 GC heap before
{Heap before GC invocations=2 (full 0):
 garbage-first heap   total 253952K, used 40259K [0x0000000080000000, 0x0000000100000000)
  region size 1024K, 32 young (32768K), 2 survivors (2048K)
 Metaspace       used 11238K, capacity 11508K, committed 11776K, reserved 1060864K
  class space    used 1173K, capacity 1244K, committed 1280K, reserved 1048576K
}
Event: 3.281 GC heap after
{Heap after GC invocations=3 (full 0):
 garbage-first heap   total 253952K, used 11532K [0x0000000080000000, 0x0000000100000000)
  region size 1024K, 4 young (4096K), 4 survivors (4096K)
 Metaspace       used 11238K, capacity 11508K, committed 11776K, reserved 1060864K
  class space    used 1173K, capacity 1244K, committed 1280K, reserved 1048576K
}
Event: 7.500 GC heap before
{Heap before GC invocations=3 (full 0):
 garbage-first heap   total 253952K, used 56588K [0x0000000080000000, 0x0000000100000000)
  region size 1024K, 48 young (49152K), 4 survivors (4096K)
 Metaspace       used 18363K, capacity 18803K, committed 19072K, reserved 1067008K
  class space    used 2189K, capacity 2319K, committed 2432K, reserved 1048576K
}
Event: 7.514 GC heap after
{Heap after GC invocations=4 (full 0):
 garbage-first heap   total 253952K, used 16619K [0x0000000080000000, 0x0000000100000000)
  region size 1024K, 6 young (6144K), 6 survivors (6144K)
 Metaspace       used 18363K, capacity 18803K, committed 19072K, reserved 1067008K
  class space    used 2189K, capacity 2319K, committed 2432K, reserved 1048576K
}
Event: 8.242 GC heap before
{Heap before GC invocations=4 (full 0):
 garbage-first heap   total 253952K, used 36075K [0x0000000080000000, 0x0000000100000000)
  region size 1024K, 26 young (26624K), 6 survivors (6144K)
 Metaspace       used 20649K, capacity 21104K, committed 21296K, reserved 1069056K
  class space    used 2532K, capacity 2660K, committed 2688K, reserved 1048576K
}
Event: 8.254 GC heap after
{Heap after GC invocations=5 (full 0):
 garbage-first heap   total 253952K, used 16918K [0x0000000080000000, 0x0000000100000000)
  region size 1024K, 5 young (5120K), 5 survivors (5120K)
 Metaspace       used 20649K, capacity 21104K, committed 21296K, reserved 1069056K
  class space    used 2532K, capacity 2660K, committed 2688K, reserved 1048576K
}
Event: 9.781 GC heap before
{Heap before GC invocations=6 (full 0):
 garbage-first heap   total 253952K, used 68118K [0x0000000080000000, 0x0000000100000000)
  region size 1024K, 55 young (56320K), 5 survivors (5120K)
 Metaspace       used 26031K, capacity 26636K, committed 26752K, reserved 1073152K
  class space    used 3397K, capacity 3617K, committed 3712K, reserved 1048576K
}
Event: 9.796 GC heap after
{Heap after GC invocations=7 (full 0):
 garbage-first heap   total 253952K, used 19272K [0x0000000080000000, 0x0000000100000000)
  region size 1024K, 3 young (3072K), 3 survivors (3072K)
 Metaspace       used 26031K, capacity 26636K, committed 26752K, reserved 1073152K
  class space    used 3397K, capacity 3617K, committed 3712K, reserved 1048576K
}
Event: 14.373 GC heap before
{Heap before GC invocations=7 (full 0):
 garbage-first heap   total 253952K, used 79688K [0x0000000080000000, 0x0000000100000000)
  region size 1024K, 63 young (64512K), 3 survivors (3072K)
 Metaspace       used 35113K, capacity 35910K, committed 36048K, reserved 1081344K
  class space    used 4563K, capacity 4863K, committed 4864K, reserved 1048576K
}
Event: 14.398 GC heap after
{Heap after GC invocations=8 (full 0):
 garbage-first heap   total 253952K, used 22758K [0x0000000080000000, 0x0000000100000000)
  region size 1024K, 7 young (7168K), 7 survivors (7168K)
 Metaspace       used 35113K, capacity 35910K, committed 36048K, reserved 1081344K
  class space    used 4563K, capacity 4863K, committed 4864K, reserved 1048576K
}

Deoptimization events (20 events):
Event: 16.124 Thread 0x000002097f6af000 Uncommon trap: trap_request=0xffffffde fr.pc=0x0000020907c41110 relative=0x0000000000000470
Event: 16.124 Thread 0x000002097f6af000 Uncommon trap: reason=class_check action=maybe_recompile pc=0x0000020907c41110 method=java.util.regex.Pattern$Start.match(Ljava/util/regex/Matcher;ILjava/lang/CharSequence;)Z @ 44 c2
Event: 16.124 Thread 0x000002097f6af000 DEOPT PACKING pc=0x0000020907c41110 sp=0x0000004591ef7af0
Event: 16.124 Thread 0x000002097f6af000 DEOPT UNPACKING pc=0x000002090002662f sp=0x0000004591ef79b8 mode 2
Event: 16.125 Thread 0x000002097f6af000 Uncommon trap: trap_request=0xffffffde fr.pc=0x0000020907c41110 relative=0x0000000000000470
Event: 16.125 Thread 0x000002097f6af000 Uncommon trap: reason=class_check action=maybe_recompile pc=0x0000020907c41110 method=java.util.regex.Pattern$Start.match(Ljava/util/regex/Matcher;ILjava/lang/CharSequence;)Z @ 44 c2
Event: 16.125 Thread 0x000002097f6af000 DEOPT PACKING pc=0x0000020907c41110 sp=0x0000004591ef7af0
Event: 16.125 Thread 0x000002097f6af000 DEOPT UNPACKING pc=0x000002090002662f sp=0x0000004591ef79b8 mode 2
Event: 16.126 Thread 0x000002097f6af000 Uncommon trap: trap_request=0xffffffde fr.pc=0x0000020907c3184c relative=0x000000000000044c
Event: 16.126 Thread 0x000002097f6af000 Uncommon trap: reason=class_check action=maybe_recompile pc=0x0000020907c3184c method=java.util.regex.Pattern$Start.match(Ljava/util/regex/Matcher;ILjava/lang/CharSequence;)Z @ 44 c2
Event: 16.126 Thread 0x000002097f6af000 DEOPT PACKING pc=0x0000020907c3184c sp=0x0000004591ef7a70
Event: 16.127 Thread 0x000002097f6af000 DEOPT UNPACKING pc=0x000002090002662f sp=0x0000004591ef79b0 mode 2
Event: 16.156 Thread 0x000002097f6af000 Uncommon trap: trap_request=0xffffffbe fr.pc=0x0000020907c14d8c relative=0x0000000000003c6c
Event: 16.156 Thread 0x000002097f6af000 Uncommon trap: reason=profile_predicate action=maybe_recompile pc=0x0000020907c14d8c method=java.util.AbstractCollection.addAll(Ljava/util/Collection;)Z @ 15 c2
Event: 16.156 Thread 0x000002097f6af000 DEOPT PACKING pc=0x0000020907c14d8c sp=0x0000004591ef99c0
Event: 16.156 Thread 0x000002097f6af000 DEOPT UNPACKING pc=0x000002090002662f sp=0x0000004591ef99d8 mode 2
Event: 16.239 Thread 0x000002097f268000 Uncommon trap: trap_request=0xffffffbe fr.pc=0x0000020907c34fbc relative=0x000000000000053c
Event: 16.239 Thread 0x000002097f268000 Uncommon trap: reason=profile_predicate action=maybe_recompile pc=0x0000020907c34fbc method=java.util.stream.ReferencePipeline.forEachWithCancel(Ljava/util/Spliterator;Ljava/util/stream/Sink;)Z @ 8 c2
Event: 16.239 Thread 0x000002097f268000 DEOPT PACKING pc=0x0000020907c34fbc sp=0x00000045919fee90
Event: 16.239 Thread 0x000002097f268000 DEOPT UNPACKING pc=0x000002090002662f sp=0x00000045919fee30 mode 2

Classes redefined (0 events):
No events

Internal exceptions (20 events):
Event: 15.999 Thread 0x000002097f6af000 Exception <a 'java/lang/ClassNotFoundException'{0x000000008d7b0fe0}: org/gradle/groovy/scripts/BasicScriptBeanInfo> (0x000000008d7b0fe0) thrown at [./src/hotspot/share/classfile/systemDictionary.cpp, line 231]
Event: 16.000 Thread 0x000002097f6af000 Exception <a 'java/lang/ClassNotFoundException'{0x000000008d7c5ea0}: org/gradle/groovy/scripts/ScriptBeanInfo> (0x000000008d7c5ea0) thrown at [./src/hotspot/share/classfile/systemDictionary.cpp, line 231]
Event: 16.001 Thread 0x000002097f6af000 Exception <a 'java/lang/ClassNotFoundException'{0x000000008d7e6868}: groovy/lang/ScriptBeanInfo> (0x000000008d7e6868) thrown at [./src/hotspot/share/classfile/systemDictionary.cpp, line 231]
Event: 16.002 Thread 0x000002097f6af000 Exception <a 'java/lang/ClassNotFoundException'{0x000000008d607eb0}: groovy/lang/ScriptCustomizer> (0x000000008d607eb0) thrown at [./src/hotspot/share/classfile/systemDictionary.cpp, line 231]
Event: 16.005 Thread 0x000002097f6af000 Exception <a 'java/lang/ClassNotFoundException'{0x000000008d624e60}: org/gradle/groovy/scripts/ScriptCustomizer> (0x000000008d624e60) thrown at [./src/hotspot/share/classfile/systemDictionary.cpp, line 231]
Event: 16.007 Thread 0x000002097f6af000 Exception <a 'java/lang/ClassNotFoundException'{0x000000008d641a58}: org/gradle/groovy/scripts/BasicScriptCustomizer> (0x000000008d641a58) thrown at [./src/hotspot/share/classfile/systemDictionary.cpp, line 231]
Event: 16.009 Thread 0x000002097f6af000 Exception <a 'java/lang/ClassNotFoundException'{0x000000008d662f18}: org/gradle/groovy/scripts/DefaultScriptCustomizer> (0x000000008d662f18) thrown at [./src/hotspot/share/classfile/systemDictionary.cpp, line 231]
Event: 16.020 Thread 0x000002097f6af000 Exception <a 'java/lang/ClassNotFoundException'{0x000000008d6b1b70}: org/gradle/plugin/use/internal/PluginsAwareScriptCustomizer> (0x000000008d6b1b70) thrown at [./src/hotspot/share/classfile/systemDictionary.cpp, line 231]
Event: 16.021 Thread 0x000002097f6af000 Exception <a 'java/lang/ClassNotFoundException'{0x000000008d6cf300}: org/gradle/initialization/SettingsScriptCustomizer> (0x000000008d6cf300) thrown at [./src/hotspot/share/classfile/systemDictionary.cpp, line 231]
Event: 16.022 Thread 0x000002097f6af000 Exception <a 'java/lang/ClassNotFoundException'{0x000000008d6e2190}: settings_95n7192db12jesreb595hpwneCustomizer> (0x000000008d6e2190) thrown at [./src/hotspot/share/classfile/systemDictionary.cpp, line 231]
Event: 16.117 Thread 0x000002097f6af000 Exception <a 'java/lang/ClassNotFoundException'{0x000000008d5ea960}: groovy/lang/Closure$1BeanInfo> (0x000000008d5ea960) thrown at [./src/hotspot/share/classfile/systemDictionary.cpp, line 231]
Event: 16.119 Thread 0x000002097f6af000 Exception <a 'java/lang/ClassNotFoundException'{0x000000008d41d958}: groovy/lang/ClosureBeanInfo> (0x000000008d41d958) thrown at [./src/hotspot/share/classfile/systemDictionary.cpp, line 231]
Event: 16.123 Thread 0x000002097f6af000 Exception <a 'java/lang/ClassNotFoundException'{0x000000008d44ffa8}: groovy/lang/ClosureCustomizer> (0x000000008d44ffa8) thrown at [./src/hotspot/share/classfile/systemDictionary.cpp, line 231]
Event: 16.135 Thread 0x000002097f6af000 Exception <a 'java/lang/ClassNotFoundException'{0x000000008d4a5778}: groovy/lang/Closure$1Customizer> (0x000000008d4a5778) thrown at [./src/hotspot/share/classfile/systemDictionary.cpp, line 231]
Event: 16.376 Thread 0x000002097f6af000 Exception <a 'java/lang/ClassNotFoundException'{0x000000008d120448}: org/gradle/initialization/DefaultSettings_DecoratedBeanInfo> (0x000000008d120448) thrown at [./src/hotspot/share/classfile/systemDictionary.cpp, line 231]
Event: 16.378 Thread 0x000002097f6af000 Exception <a 'java/lang/ClassNotFoundException'{0x000000008d1429b0}: org/gradle/initialization/DefaultSettingsBeanInfo> (0x000000008d1429b0) thrown at [./src/hotspot/share/classfile/systemDictionary.cpp, line 231]
Event: 16.379 Thread 0x000002097f6af000 Exception <a 'java/lang/ClassNotFoundException'{0x000000008d168878}: org/gradle/api/internal/project/AbstractPluginAwareBeanInfo> (0x000000008d168878) thrown at [./src/hotspot/share/classfile/systemDictionary.cpp, line 231]
Event: 16.381 Thread 0x000002097f6af000 Exception <a 'java/lang/ClassNotFoundException'{0x000000008d18eb38}: org/gradle/api/internal/project/AbstractPluginAwareCustomizer> (0x000000008d18eb38) thrown at [./src/hotspot/share/classfile/systemDictionary.cpp, line 231]
Event: 16.388 Thread 0x000002097f6af000 Exception <a 'java/lang/ClassNotFoundException'{0x000000008d1b8bf8}: org/gradle/initialization/DefaultSettingsCustomizer> (0x000000008d1b8bf8) thrown at [./src/hotspot/share/classfile/systemDictionary.cpp, line 231]
Event: 16.403 Thread 0x000002097f6af000 Exception <a 'java/lang/ClassNotFoundException'{0x000000008d00ce80}: org/gradle/initialization/DefaultSettings_DecoratedCustomizer> (0x000000008d00ce80) thrown at [./src/hotspot/share/classfile/systemDictionary.cpp, line 231]

Events (20 events):
Event: 16.381 loading class org/gradle/api/internal/project/AbstractPluginAwareCustomizer
Event: 16.381 loading class org/gradle/api/internal/project/AbstractPluginAwareCustomizer done
Event: 16.385 loading class org/gradle/initialization/DefaultSettingsCustomizer
Event: 16.385 loading class org/gradle/initialization/DefaultSettingsCustomizer done
Event: 16.386 loading class org/gradle/initialization/DefaultSettingsCustomizer
Event: 16.386 loading class org/gradle/initialization/DefaultSettingsCustomizer done
Event: 16.387 loading class org/gradle/initialization/DefaultSettingsCustomizer
Event: 16.387 loading class org/gradle/initialization/DefaultSettingsCustomizer done
Event: 16.388 loading class org/gradle/initialization/DefaultSettingsCustomizer
Event: 16.388 loading class org/gradle/initialization/DefaultSettingsCustomizer done
Event: 16.390 loading class org/gradle/api/initialization/ConfigurableIncludedBuild
Event: 16.390 loading class org/gradle/api/initialization/ConfigurableIncludedBuild done
Event: 16.401 loading class org/gradle/initialization/DefaultSettings_DecoratedCustomizer
Event: 16.401 loading class org/gradle/initialization/DefaultSettings_DecoratedCustomizer done
Event: 16.402 loading class org/gradle/initialization/DefaultSettings_DecoratedCustomizer
Event: 16.402 loading class org/gradle/initialization/DefaultSettings_DecoratedCustomizer done
Event: 16.402 loading class org/gradle/initialization/DefaultSettings_DecoratedCustomizer
Event: 16.402 loading class org/gradle/initialization/DefaultSettings_DecoratedCustomizer done
Event: 16.403 loading class org/gradle/initialization/DefaultSettings_DecoratedCustomizer
Event: 16.403 loading class org/gradle/initialization/DefaultSettings_DecoratedCustomizer done


Dynamic libraries:
0x00007ff6a2600000 - 0x00007ff6a260a000 	C:\Program Files\Android\Android Studio\jre\bin\java.exe
0x00007ffa29830000 - 0x00007ffa29a25000 	C:\Windows\SYSTEM32\ntdll.dll
0x00007ffa27b50000 - 0x00007ffa27c0e000 	C:\Windows\System32\KERNEL32.DLL
0x00007ffa27020000 - 0x00007ffa272e8000 	C:\Windows\System32\KERNELBASE.dll
0x00007ffa272f0000 - 0x00007ffa273f0000 	C:\Windows\System32\ucrtbase.dll
0x00007ffa07540000 - 0x00007ffa07557000 	C:\Program Files\Android\Android Studio\jre\bin\VCRUNTIME140.dll
0x00007ffa05e10000 - 0x00007ffa05e29000 	C:\Program Files\Android\Android Studio\jre\bin\jli.dll
0x00007ffa282b0000 - 0x00007ffa28450000 	C:\Windows\System32\USER32.dll
0x00007ffa26f50000 - 0x00007ffa26f72000 	C:\Windows\System32\win32u.dll
0x00007ffa28450000 - 0x00007ffa2847b000 	C:\Windows\System32\GDI32.dll
0x00007ffa13eb0000 - 0x00007ffa1414a000 	C:\Windows\WinSxS\amd64_microsoft.windows.common-controls_6595b64144ccf1df_6.0.19041.1110_none_60b5254171f9507e\COMCTL32.dll
0x00007ffa273f0000 - 0x00007ffa274fb000 	C:\Windows\System32\gdi32full.dll
0x00007ffa28be0000 - 0x00007ffa28c7e000 	C:\Windows\System32\msvcrt.dll
0x00007ffa27500000 - 0x00007ffa2759d000 	C:\Windows\System32\msvcp_win.dll
0x00007ffa28bb0000 - 0x00007ffa28be0000 	C:\Windows\System32\IMM32.DLL
0x00007ff9f34d0000 - 0x00007ff9f356d000 	C:\Program Files\Android\Android Studio\jre\bin\msvcp140.dll
0x00007ff9c8e20000 - 0x00007ff9c98f5000 	C:\Program Files\Android\Android Studio\jre\bin\server\jvm.dll
0x00007ffa27a70000 - 0x00007ffa27b1e000 	C:\Windows\System32\ADVAPI32.dll
0x00007ffa279d0000 - 0x00007ffa27a6c000 	C:\Windows\System32\sechost.dll
0x00007ffa28a10000 - 0x00007ffa28b35000 	C:\Windows\System32\RPCRT4.dll
0x00007ffa28b40000 - 0x00007ffa28b48000 	C:\Windows\System32\PSAPI.DLL
0x00007ffa08270000 - 0x00007ffa08297000 	C:\Windows\SYSTEM32\WINMM.dll
0x00007ffa1ef50000 - 0x00007ffa1ef59000 	C:\Windows\SYSTEM32\WSOCK32.dll
0x00007ffa1e150000 - 0x00007ffa1e15a000 	C:\Windows\SYSTEM32\VERSION.dll
0x00007ffa28c80000 - 0x00007ffa28ceb000 	C:\Windows\System32\WS2_32.dll
0x00007ffa257f0000 - 0x00007ffa25802000 	C:\Windows\SYSTEM32\kernel.appcore.dll
0x00007ffa218b0000 - 0x00007ffa218c1000 	C:\Program Files\Android\Android Studio\jre\bin\verify.dll
0x00007ffa0a590000 - 0x00007ffa0a774000 	C:\Windows\SYSTEM32\DBGHELP.DLL
0x00007ffa0a560000 - 0x00007ffa0a58c000 	C:\Windows\SYSTEM32\dbgcore.DLL
0x00007ffa27650000 - 0x00007ffa276d2000 	C:\Windows\System32\bcryptPrimitives.dll
0x00007ffa1ebe0000 - 0x00007ffa1ec09000 	C:\Program Files\Android\Android Studio\jre\bin\java.dll
0x00007ffa1fcc0000 - 0x00007ffa1fccb000 	C:\Program Files\Android\Android Studio\jre\bin\jimage.dll
0x00007ffa1ebc0000 - 0x00007ffa1ebd8000 	C:\Program Files\Android\Android Studio\jre\bin\zip.dll
0x00007ffa28cf0000 - 0x00007ffa29434000 	C:\Windows\System32\SHELL32.dll
0x00007ffa25040000 - 0x00007ffa257d4000 	C:\Windows\SYSTEM32\windows.storage.dll
0x00007ffa27ef0000 - 0x00007ffa28244000 	C:\Windows\System32\combase.dll
0x00007ffa269b0000 - 0x00007ffa269dc000 	C:\Windows\SYSTEM32\Wldp.dll
0x00007ffa27890000 - 0x00007ffa2793d000 	C:\Windows\System32\SHCORE.dll
0x00007ffa28250000 - 0x00007ffa282a5000 	C:\Windows\System32\shlwapi.dll
0x00007ffa26e90000 - 0x00007ffa26eaf000 	C:\Windows\SYSTEM32\profapi.dll
0x00007ffa1e7c0000 - 0x00007ffa1e7da000 	C:\Program Files\Android\Android Studio\jre\bin\net.dll
0x00007ffa24880000 - 0x00007ffa24989000 	C:\Windows\SYSTEM32\WINHTTP.dll
0x00007ffa26710000 - 0x00007ffa2677a000 	C:\Windows\system32\mswsock.dll
0x00007ffa182c0000 - 0x00007ffa182d4000 	C:\Program Files\Android\Android Studio\jre\bin\nio.dll
0x00007ffa05e60000 - 0x00007ffa05e87000 	C:\Users\Yoga\.gradle\native\e1d6ef7f7dcc3fd88c89a11ec53ec762bb8ba0a96d01ffa2cd45eb1d1d8dd5c5\windows-amd64\native-platform.dll
0x00007ff9eba50000 - 0x00007ff9ebb94000 	C:\Users\Yoga\.gradle\native\5664cfc778a61ccfe75a443a1ab52a65af34e5dc3c78e0209fed803814484fcb\windows-amd64\native-platform-file-events.dll
0x00007ffa1ef40000 - 0x00007ffa1ef4a000 	C:\Program Files\Android\Android Studio\jre\bin\management.dll
0x00007ffa1edc0000 - 0x00007ffa1edcd000 	C:\Program Files\Android\Android Studio\jre\bin\management_ext.dll
0x00007ffa26900000 - 0x00007ffa26918000 	C:\Windows\SYSTEM32\CRYPTSP.dll
0x00007ffa26020000 - 0x00007ffa26054000 	C:\Windows\system32\rsaenh.dll
0x00007ffa26f80000 - 0x00007ffa26fa7000 	C:\Windows\System32\bcrypt.dll
0x00007ffa26e50000 - 0x00007ffa26e7e000 	C:\Windows\SYSTEM32\USERENV.dll
0x00007ffa26920000 - 0x00007ffa2692c000 	C:\Windows\SYSTEM32\CRYPTBASE.dll
0x00007ffa263b0000 - 0x00007ffa263eb000 	C:\Windows\SYSTEM32\IPHLPAPI.DLL
0x00007ffa27b20000 - 0x00007ffa27b28000 	C:\Windows\System32\NSI.dll
0x00007ffa1cdc0000 - 0x00007ffa1cdd7000 	C:\Windows\SYSTEM32\dhcpcsvc6.DLL
0x00007ffa1cda0000 - 0x00007ffa1cdbd000 	C:\Windows\SYSTEM32\dhcpcsvc.DLL
0x00007ffa26400000 - 0x00007ffa264ca000 	C:\Windows\SYSTEM32\DNSAPI.dll

dbghelp: loaded successfully - version: 4.0.5 - missing functions: none
symbol engine: initialized successfully - sym options: 0x614 - pdb path: .;C:\Program Files\Android\Android Studio\jre\bin;C:\Windows\SYSTEM32;C:\Windows\WinSxS\amd64_microsoft.windows.common-controls_6595b64144ccf1df_6.0.19041.1110_none_60b5254171f9507e;C:\Program Files\Android\Android Studio\jre\bin\server;C:\Users\Yoga\.gradle\native\e1d6ef7f7dcc3fd88c89a11ec53ec762bb8ba0a96d01ffa2cd45eb1d1d8dd5c5\windows-amd64;C:\Users\Yoga\.gradle\native\5664cfc778a61ccfe75a443a1ab52a65af34e5dc3c78e0209fed803814484fcb\windows-amd64

VM Arguments:
jvm_args: --add-opens=java.base/java.util=ALL-UNNAMED --add-opens=java.base/java.lang=ALL-UNNAMED --add-opens=java.base/java.lang.invoke=ALL-UNNAMED --add-opens=java.base/java.util=ALL-UNNAMED --add-opens=java.prefs/java.util.prefs=ALL-UNNAMED --add-opens=java.prefs/java.util.prefs=ALL-UNNAMED --add-opens=java.base/java.nio.charset=ALL-UNNAMED --add-opens=java.base/java.net=ALL-UNNAMED --add-opens=java.base/java.util.concurrent.atomic=ALL-UNNAMED -Xmx2048m -Dfile.encoding=UTF-8 -Duser.country=FR -Duser.language=fr -Duser.variant 
java_command: org.gradle.launcher.daemon.bootstrap.GradleDaemon 7.2
java_class_path (initial): C:\Users\Yoga\.gradle\wrapper\dists\gradle-7.2-bin\2dnblmf4td7x66yl1d74lt32g\gradle-7.2\lib\gradle-launcher-7.2.jar
Launcher Type: SUN_STANDARD

[Global flags]
     intx CICompilerCount                          = 3                                         {product} {ergonomic}
     uint ConcGCThreads                            = 1                                         {product} {ergonomic}
     uint G1ConcRefinementThreads                  = 4                                         {product} {ergonomic}
   size_t G1HeapRegionSize                         = 1048576                                   {product} {ergonomic}
    uintx GCDrainStackTargetSize                   = 64                                        {product} {ergonomic}
   size_t InitialHeapSize                          = 260046848                                 {product} {ergonomic}
   size_t MarkStackSize                            = 4194304                                   {product} {ergonomic}
   size_t MaxHeapSize                              = 2147483648                                {product} {command line}
   size_t MaxNewSize                               = 1287651328                                {product} {ergonomic}
   size_t MinHeapDeltaBytes                        = 1048576                                   {product} {ergonomic}
    uintx NonNMethodCodeHeapSize                   = 5830732                                {pd product} {ergonomic}
    uintx NonProfiledCodeHeapSize                  = 122913754                              {pd product} {ergonomic}
    uintx ProfiledCodeHeapSize                     = 122913754                              {pd product} {ergonomic}
    uintx ReservedCodeCacheSize                    = 251658240                              {pd product} {ergonomic}
     bool SegmentedCodeCache                       = true                                      {product} {ergonomic}
     bool UseCompressedClassPointers               = true                                 {lp64_product} {ergonomic}
     bool UseCompressedOops                        = true                                 {lp64_product} {ergonomic}
     bool UseG1GC                                  = true                                      {product} {ergonomic}
     bool UseLargePagesIndividualAllocation        = false                                  {pd product} {ergonomic}

Logging:
Log output configuration:
 #0: stdout all=warning uptime,level,tags
 #1: stderr all=off uptime,level,tags

Environment Variables:
JAVA_HOME=C:\Program Files\Java\jdk-17.0.1
CLASSPATH=.
PATH=C:\Python310\Scripts\;C:\Python310\;C:\Program Files\Common Files\Oracle\Java\javapath;C:\Program Files (x86)\Common Files\Oracle\Java\javapath;C:\Windows\system32;C:\Windows;C:\Windows\System32\Wbem;C:\Windows\System32\WindowsPowerShell\v1.0\;C:\Windows\System32\OpenSSH\;C:\Program Files\Git\cmd;C:\Program Files\Java\jdk-17.0.1;C:\ProgramData\chocolatey\bin;C:\Program Files\nodejs\;C:\Users\Yoga\AppData\Local\Microsoft\WindowsApps;C:\Users\Yoga\AppData\Local\GitHubDesktop\bin;C:\Program Files\JetBrains\IntelliJ IDEA 2021.3.1\bin;;C:\Program Files\Java\jdk-17.0.1\bin;C:\Users\Yoga\Downloads\apache-maven-3.8.4-bin\apache-maven-3.8.4\bin;;C:\Users\Yoga\AppData\Local\Programs\Microsoft VS Code\bin;C:\Users\Yoga\AppData\Roaming\npm
USERNAME=Yoga
OS=Windows_NT
PROCESSOR_IDENTIFIER=Intel64 Family 6 Model 78 Stepping 3, GenuineIntel



---------------  S Y S T E M  ---------------

OS: Windows 10 , 64 bit Build 19041 (10.0.19041.1566)
OS uptime: 7 days 7:50 hours

CPU:total 4 (initial active 4) (2 cores per cpu, 2 threads per core) family 6 model 78 stepping 3 microcode 0xcc, cmov, cx8, fxsr, mmx, sse, sse2, sse3, ssse3, sse4.1, sse4.2, popcnt, avx, avx2, aes, clmul, erms, 3dnowpref, lzcnt, ht, tsc, tscinvbit, bmi1, bmi2, adx, fma

Memory: 4k page, system-wide physical 15793M (1667M free)
TotalPageFile size 43746M (AvailPageFile size 5M)
current process WorkingSet (physical memory assigned to process): 234M, peak: 243M
current process commit charge ("private bytes"): 424M, peak: 434M

vm_info: OpenJDK 64-Bit Server VM (11.0.11+9-b60-7590822) for windows-amd64 JRE (11.0.11+9-b60-7590822), built on Jul 29 2021 21:43:44 by "builder" with MS VC++ 14.0 (VS2015)

END.
